Detecting C compiler ABI info failed to compile with the following output:
Change Dir: /Users/shenyi/Project/UnityProject/xlua-lib/build_lj_ios/CMakeFiles/CMakeTmp

Run Build Command:"/usr/bin/xcodebuild" "-project" "CMAKE_TRY_COMPILE.xcodeproj" "build" "-target" "cmTC_7d25f" "-configuration" "Debug"
=== BUILD TARGET cmTC_7d25f OF PROJECT CMAKE_TRY_COMPILE WITH CONFIGURATION Debug ===

Check dependencies
warning: iOS 11.4.0 does not support armv7
Code Signing Error: Signing for "cmTC_7d25f" requires a development team. Select a development team in the project editor.
Code Signing Error: Code signing is required for product type 'Application' in SDK 'iOS 11.4'

** BUILD FAILED **


The following build commands failed:
	Check dependencies
(1 failure)



Detecting C [-std=c11] compiler features failed to compile with the following output:
Change Dir: /Users/shenyi/Project/UnityProject/xlua-lib/build_lj_ios/CMakeFiles/CMakeTmp

Run Build Command:"/usr/bin/xcodebuild" "-project" "CMAKE_TRY_COMPILE.xcodeproj" "build" "-target" "cmTC_4a7ad" "-configuration" "Debug"
=== BUILD TARGET cmTC_4a7ad OF PROJECT CMAKE_TRY_COMPILE WITH CONFIGURATION Debug ===

Check dependencies
warning: iOS 11.4.0 does not support armv7
Code Signing Error: Signing for "cmTC_4a7ad" requires a development team. Select a development team in the project editor.
Code Signing Error: Code signing is required for product type 'Application' in SDK 'iOS 11.4'

** BUILD FAILED **


The following build commands failed:
	Check dependencies
(1 failure)



Detecting CXX compiler ABI info failed to compile with the following output:
Change Dir: /Users/shenyi/Project/UnityProject/xlua-lib/build_lj_ios/CMakeFiles/CMakeTmp

Run Build Command:"/usr/bin/xcodebuild" "-project" "CMAKE_TRY_COMPILE.xcodeproj" "build" "-target" "cmTC_ff186" "-configuration" "Debug"
=== BUILD TARGET cmTC_ff186 OF PROJECT CMAKE_TRY_COMPILE WITH CONFIGURATION Debug ===

Check dependencies
warning: iOS 11.4.0 does not support armv7
Code Signing Error: Signing for "cmTC_ff186" requires a development team. Select a development team in the project editor.
Code Signing Error: Code signing is required for product type 'Application' in SDK 'iOS 11.4'

** BUILD FAILED **


The following build commands failed:
	Check dependencies
(1 failure)



Detecting CXX [-std=c++1z] compiler features failed to compile with the following output:
Change Dir: /Users/shenyi/Project/UnityProject/xlua-lib/build_lj_ios/CMakeFiles/CMakeTmp

Run Build Command:"/usr/bin/xcodebuild" "-project" "CMAKE_TRY_COMPILE.xcodeproj" "build" "-target" "cmTC_dda3c" "-configuration" "Debug"
=== BUILD TARGET cmTC_dda3c OF PROJECT CMAKE_TRY_COMPILE WITH CONFIGURATION Debug ===

Check dependencies
warning: iOS 11.4.0 does not support armv7
Code Signing Error: Signing for "cmTC_dda3c" requires a development team. Select a development team in the project editor.
Code Signing Error: Code signing is required for product type 'Application' in SDK 'iOS 11.4'

** BUILD FAILED **


The following build commands failed:
	Check dependencies
(1 failure)



